<?xml version="1.0" encoding="UTF-8"?>
<testsuite name="calculateDamageTest" tests="9" skipped="0" failures="0" errors="0" timestamp="2021-06-08T05:50:30" hostname="daryl-VirtualBox" time="0.617">
  <properties/>
  <testcase name="TypeTestCase1" classname="calculateDamageTest" time="0.299"/>
  <testcase name="TypeTestCase2" classname="calculateDamageTest" time="0.029"/>
  <testcase name="TypeTestCase3" classname="calculateDamageTest" time="0.041"/>
  <testcase name="BvsRSunnyGround" classname="calculateDamageTest" time="0.019"/>
  <testcase name="EnvironmentTypeTestCase1" classname="calculateDamageTest" time="0.047"/>
  <testcase name="EnvironmentTypeTestCase2" classname="calculateDamageTest" time="0.044"/>
  <testcase name="EnvironmentTypeTestCase3" classname="calculateDamageTest" time="0.033"/>
  <testcase name="EnvironmentTypeTestCase4" classname="calculateDamageTest" time="0.043"/>
  <testcase name="RvsBSunnyGround" classname="calculateDamageTest" time="0.013"/>
  <system-out><![CDATA[Type Test Case 1
         Damage dealt: 0.0
         Damage dealt: 1.0
         Damage dealt: 39.0
         Damage dealt: 30.0
Type Test Case 2
         Damage dealt: 1.0
         Damage dealt: 1.0
         Damage dealt: 8.0
         Damage dealt: 1.0
Type Test Case 3
         Damage dealt: 0.0
         Damage dealt: 3.0
         Damage dealt: 45.0
         Damage dealt: 20.0
    BvsRSunnyGround
         Damage dealt: 15.0
Environment Test Case 1
         Damage dealt: 1.0
         Damage dealt: 19.0
         Damage dealt: 28.0
         Damage dealt: 1.0
Environment Test Case 2
         Damage dealt: 1.0
         Damage dealt: 1.0
         Damage dealt: 71.0
         Damage dealt: 1.0
Environment Test Case 3
         Damage dealt: 1.0
         Damage dealt: 1.0
         Damage dealt: 17.0
         Damage dealt: 40.0
Environment Test Case 3
         Damage dealt: 1.0
         Damage dealt: 1.0
         Damage dealt: 8.0
         Damage dealt: 40.0
    RvsBSunnyGround
         Damage dealt: 56.0
]]></system-out>
  <system-err><![CDATA[]]></system-err>
</testsuite>
