<?xml version="1.0" encoding="UTF-8"?>
<testsuite name="GivenWhiteBox" tests="1" skipped="0" failures="0" errors="0" timestamp="2021-06-01T06:33:11" hostname="daryl-VirtualBox" time="1.74">
  <properties/>
  <testcase name="BvsRsunny" classname="GivenWhiteBox" time="1.74"/>
  <system-out><![CDATA[
BULLY launches an attack against RALPHIE!
bully uses Ground Pound
8.0 damage dealt
RALPHIE has 97.0 health left

RALPHIE launches an attack against BULLY!
ralphie uses Ground Stomp
6.0 damage dealt
BULLY has 104.0 health left

BULLY launches an attack against RALPHIE!
bully uses Splash
8.0 damage dealt
RALPHIE has 89.0 health left

RALPHIE launches an attack against BULLY!
ralphie uses Ground Stomp
6.0 damage dealt
BULLY has 98.0 health left

BULLY launches an attack against RALPHIE!
bully uses Ground Pound
8.0 damage dealt
RALPHIE has 81.0 health left

RALPHIE launches an attack against BULLY!
ralphie uses Ground Stomp
6.0 damage dealt
BULLY has 92.0 health left

BULLY launches an attack against RALPHIE!
bully uses Ground Pound
8.0 damage dealt
RALPHIE has 73.0 health left

RALPHIE launches an attack against BULLY!
ralphie uses Flaming Horn
6.0 damage dealt
BULLY has 86.0 health left

BULLY launches an attack against RALPHIE!
bully uses Body Slam
8.0 damage dealt
RALPHIE has 65.0 health left

RALPHIE launches an attack against BULLY!
ralphie uses Iron Hide, increasing defense stat by 10%
0.0 damage dealt
BULLY has 86.0 health left

BULLY launches an attack against RALPHIE!
bully uses Sleep, increasing health stat by 10%
0.0 damage dealt
RALPHIE has 65.0 health left

RALPHIE launches an attack against BULLY!
ralphie uses Flaming Horn
6.0 damage dealt
BULLY has 89.0 health left

BULLY launches an attack against RALPHIE!
bully uses Sleep, increasing health stat by 10%
0.0 damage dealt
RALPHIE has 65.0 health left

RALPHIE launches an attack against BULLY!
ralphie uses Iron Hide, increasing defense stat by 10%
0.0 damage dealt
BULLY has 98.0 health left

BULLY launches an attack against RALPHIE!
bully uses Sleep, increasing health stat by 10%
0.0 damage dealt
RALPHIE has 65.0 health left

RALPHIE launches an attack against BULLY!
ralphie uses Iron Hide, increasing defense stat by 10%
0.0 damage dealt
BULLY has 108.0 health left

BULLY launches an attack against RALPHIE!
bully uses Body Slam
8.0 damage dealt
RALPHIE has 57.0 health left

RALPHIE launches an attack against BULLY!
ralphie uses Flaming Horn
6.0 damage dealt
BULLY has 102.0 health left

BULLY launches an attack against RALPHIE!
bully uses Splash
8.0 damage dealt
RALPHIE has 49.0 health left

RALPHIE launches an attack against BULLY!
ralphie uses Headbutt
6.0 damage dealt
BULLY has 96.0 health left

BULLY launches an attack against RALPHIE!
bully uses Splash
8.0 damage dealt
RALPHIE has 41.0 health left

RALPHIE launches an attack against BULLY!
ralphie uses Ground Stomp
6.0 damage dealt
BULLY has 90.0 health left

BULLY launches an attack against RALPHIE!
bully uses Body Slam
8.0 damage dealt
RALPHIE has 33.0 health left

RALPHIE launches an attack against BULLY!
ralphie uses Flaming Horn
6.0 damage dealt
BULLY has 84.0 health left

BULLY launches an attack against RALPHIE!
bully uses Splash
8.0 damage dealt
RALPHIE has 25.0 health left

RALPHIE launches an attack against BULLY!
ralphie uses Ground Stomp
6.0 damage dealt
BULLY has 78.0 health left

BULLY launches an attack against RALPHIE!
bully uses Body Slam
8.0 damage dealt
RALPHIE has 17.0 health left

RALPHIE launches an attack against BULLY!
ralphie uses Flaming Horn
6.0 damage dealt
BULLY has 72.0 health left

BULLY launches an attack against RALPHIE!
bully uses Splash
8.0 damage dealt
RALPHIE has 9.0 health left

RALPHIE launches an attack against BULLY!
ralphie uses Flaming Horn
6.0 damage dealt
BULLY has 66.0 health left

BULLY launches an attack against RALPHIE!
bully uses Splash
8.0 damage dealt
RALPHIE has 1.0 health left

RALPHIE launches an attack against BULLY!
ralphie uses Flaming Horn
6.0 damage dealt
BULLY has 60.0 health left

BULLY launches an attack against RALPHIE!
bully uses Body Slam
8.0 damage dealt
RALPHIE has -7.0 health left
RALPHIE has fainted in round 17
]]></system-out>
  <system-err><![CDATA[]]></system-err>
</testsuite>
