<?xml version="1.0" encoding="UTF-8"?>
<testsuite name="GivenWhiteBox" tests="8" skipped="0" failures="0" errors="0" timestamp="2021-06-14T10:01:36" hostname="daryl-VirtualBox" time="1.17">
  <properties/>
  <testcase name="BranchCoverageTest" classname="GivenWhiteBox" time="0.683"/>
  <testcase name="NodeCoverageTest" classname="GivenWhiteBox" time="0.106"/>
  <testcase name="SetMon1Test" classname="GivenWhiteBox" time="0.002"/>
  <testcase name="SetMon2Test" classname="GivenWhiteBox" time="0.005"/>
  <testcase name="SetEnvironmentTest" classname="GivenWhiteBox" time="0.002"/>
  <testcase name="BattleScenerioTest" classname="GivenWhiteBox" time="0.005"/>
  <testcase name="InitiateBattleTest" classname="GivenWhiteBox" time="0.238"/>
  <testcase name="BvsRsunny" classname="GivenWhiteBox" time="0.093"/>
  <system-out><![CDATA[
RALPHIE launches an attack against BULLY!
ralphie uses Iron Hide, increasing defense stat by 10%
1.0 damage dealt
BULLY has -1.0 health left
BULLY has fainted in round 1

BULLY launches an attack against RALPHIE!
bully uses Ground Pound
1.0 damage dealt
RALPHIE has -1.0 health left
RALPHIE has fainted in round 1

RALPHIE launches an attack against BULLY!
ralphie uses Headbutt
1.0 damage dealt
BULLY has -2.0 health left
BULLY has fainted in round 2

BULLY launches an attack against RALPHIE!
bully uses Ground Pound
1.0 damage dealt
RALPHIE has -2.0 health left
RALPHIE has fainted in round 2

RALPHIE launches an attack against BULLY!
ralphie uses Headbutt
1.0 damage dealt
BULLY has 69.0 health left

BULLY launches an attack against RALPHIE!
bully uses Ground Pound
1.0 damage dealt
RALPHIE has 69.0 health left

SPARKY launches an attack against RALPHIE!
sparky uses Inferno
56.0 damage dealt
RALPHIE has -56.0 health left
RALPHIE has fainted in round 1

RALPHIE launches an attack against SPARKY!
ralphie uses Iron Hide, increasing defense stat by 10%
1.0 damage dealt
SPARKY has -1.0 health left
SPARKY has fainted in round 1

SPARKY launches an attack against RALPHIE!
sparky uses Earthquake
34.0 damage dealt
RALPHIE has -90.0 health left
RALPHIE has fainted in round 2

RALPHIE launches an attack against SPARKY!
ralphie uses Iron Hide, increasing defense stat by 10%
1.0 damage dealt
SPARKY has -2.0 health left
SPARKY has fainted in round 2

SPARKY launches an attack against RALPHIE!
sparky uses Earthquake
29.0 damage dealt
RALPHIE has 41.0 health left

RALPHIE launches an attack against SPARKY!
ralphie uses Headbutt
1.0 damage dealt
SPARKY has 69.0 health left

Welcome everyone to the Mascotmon training arena!
It is a neutral day here at Frank Kush Field
Today, on the attacking team we have BULLY The Bull Dog
Their opponent, on the defending team is RALPHIE The Buffalo
RALPHIE prepares for the incoming attack

BULLY launches an attack against RALPHIE!
bully uses Ground Pound
1.0 damage dealt
RALPHIE has -1.0 health left
RALPHIE has fainted in round 1

RALPHIE launches an attack against BULLY!
ralphie uses Flaming Horn
1.0 damage dealt
BULLY has -1.0 health left
BULLY has fainted in round 1

BULLY launches an attack against RALPHIE!
bully uses Sleep, increasing health stat by 10%
1.0 damage dealt
RALPHIE has -2.0 health left
RALPHIE has fainted in round 2

RALPHIE launches an attack against BULLY!
ralphie uses Iron Hide, increasing defense stat by 10%
1.0 damage dealt
BULLY has -2.0 health left
BULLY has fainted in round 2

BULLY launches an attack against RALPHIE!
bully uses Sleep, increasing health stat by 10%
1.0 damage dealt
RALPHIE has 69.0 health left

RALPHIE launches an attack against BULLY!
ralphie uses Ground Stomp
1.0 damage dealt
BULLY has 76.0 health left
BULLY has won with 76.0 health left

BULLY launches an attack against RALPHIE!
bully uses Splash
1.0 damage dealt
RALPHIE has -1.0 health left
RALPHIE has fainted in round 1

RALPHIE launches an attack against BULLY!
ralphie uses Iron Hide, increasing defense stat by 10%
1.0 damage dealt
BULLY has -1.0 health left
BULLY has fainted in round 1

BULLY launches an attack against RALPHIE!
bully uses Splash
1.0 damage dealt
RALPHIE has -2.0 health left
RALPHIE has fainted in round 2

RALPHIE launches an attack against BULLY!
ralphie uses Iron Hide, increasing defense stat by 10%
1.0 damage dealt
BULLY has -2.0 health left
BULLY has fainted in round 2

BULLY launches an attack against RALPHIE!
bully uses Sleep, increasing health stat by 10%
1.0 damage dealt
RALPHIE has 69.0 health left

RALPHIE launches an attack against BULLY!
ralphie uses Ground Stomp
1.0 damage dealt
BULLY has 76.0 health left
]]></system-out>
  <system-err><![CDATA[]]></system-err>
</testsuite>
